androidlockpattern/build/outputs/mapping/release/mapping.txt
com.haibison.android.lockpattern.util.IEncrypter -> com.haibison.android.lockpattern.util.a:
    char[] encrypt$4eab087a() -> a
    java.util.List decrypt$22f62f2c() -> b
com.haibison.android.lockpattern.util.InvalidEncrypterException -> com.haibison.android.lockpattern.util.b:
com.haibison.android.lockpattern.util.LoadingDialog -> com.haibison.android.lockpattern.util.c:
    java.lang.String CLASSNAME -> a
    android.app.ProgressDialog mDialog -> b
    int mDelayTime -> c
    boolean mFinished -> d
    void onPreExecute() -> onPreExecute
    void onPostExecute(java.lang.Object) -> onPostExecute
    void onCancelled() -> onCancelled
    void doFinish() -> b
    boolean access$000(com.haibison.android.lockpattern.util.LoadingDialog) -> a
    android.app.ProgressDialog access$100(com.haibison.android.lockpattern.util.LoadingDialog) -> b
    java.lang.String access$200() -> a
com.haibison.android.lockpattern.util.LoadingDialog$2 -> com.haibison.android.lockpattern.util.d:
    com.haibison.android.lockpattern.util.LoadingDialog this$0 -> a
    void run() -> run
com.haibison.android.lockpattern.util.Randoms -> com.haibison.android.lockpattern.util.e:
    java.util.Random RANDOM -> a
    int randInt(int) -> a
    int[] randIntArray(int,int) -> a
    int[] randIntArray$2558076() -> a
com.haibison.android.lockpattern.util.Settings -> com.haibison.android.lockpattern.util.f:
    android.content.SharedPreferences p(android.content.Context) -> a
com.haibison.android.lockpattern.util.UI -> com.haibison.android.lockpattern.util.g:
    java.lang.String CLASSNAME -> a
    void adjustDialogSizeForLargeScreens(android.view.Window) -> a
    int resolveAttribute(android.content.Context,int) -> a
com.haibison.android.lockpattern.util.UI$1 -> com.haibison.android.lockpattern.util.h:
    int[] $SwitchMap$com$haibison$android$lockpattern$util$UI$ScreenSize -> a
com.haibison.android.lockpattern.util.UI$ScreenSize -> com.haibison.android.lockpattern.util.i:
    com.haibison.android.lockpattern.util.UI$ScreenSize SMALL -> a
    com.haibison.android.lockpattern.util.UI$ScreenSize NORMAL -> b
    com.haibison.android.lockpattern.util.UI$ScreenSize LARGE -> c
    com.haibison.android.lockpattern.util.UI$ScreenSize XLARGE -> d
    com.haibison.android.lockpattern.util.UI$ScreenSize UNDEFINED -> e
    float fixedWidthMinor -> f
    float fixedWidthMajor -> g
    float fixedHeightMinor -> h
    float fixedHeightMajor -> i
    com.haibison.android.lockpattern.util.UI$ScreenSize[] $VALUES -> j
    com.haibison.android.lockpattern.util.UI$ScreenSize[] values() -> values
    com.haibison.android.lockpattern.util.UI$ScreenSize valueOf(java.lang.String) -> valueOf
    com.haibison.android.lockpattern.util.UI$ScreenSize getCurrent(android.content.Context) -> a
com.haibison.android.lockpattern.widget.LockPatternUtils -> com.haibison.android.lockpattern.widget.a:
    java.lang.String CLASSNAME -> a
    java.util.List stringToPattern(java.lang.String) -> a
    java.lang.String patternToString(java.util.List) -> a
    java.lang.String patternToSha1(java.util.List) -> b
    java.util.ArrayList genCaptchaPattern(int) -> a