androidlockpattern/build/outputs/mapping/release/usage.txt
com.haibison.android.lockpattern.BuildConfig
com.haibison.android.lockpattern.LockPatternActivity:
    public static final int RESULT_FAILED
    public static final int RESULT_FORGOT_PATTERN
    private static final long DELAY_TIME_TO_RELOAD_LOCK_PATTERN_VIEW
com.haibison.android.lockpattern.collect.Lists:
    26:26:public Lists()
    65:68:public static varargs java.util.ArrayList newArrayList(java.lang.Object[])
com.haibison.android.lockpattern.util.InvalidEncrypterException:
    private static final long serialVersionUID
com.haibison.android.lockpattern.util.LoadingDialog:
    private java.lang.Throwable mLastException
    186:187:public com.haibison.android.lockpattern.util.LoadingDialog setDelayTime(int)
    198:199:protected void setLastException(java.lang.Throwable)
    207:207:protected java.lang.Throwable getLastException()
com.haibison.android.lockpattern.util.Randoms:
    37:38:private Randoms()
com.haibison.android.lockpattern.util.Settings:
    45:46:private Settings()
    63:63:public static final java.lang.String genDatabaseFilename(java.lang.String)
    96:98:public static void setupPreferenceManager(android.content.Context,android.preference.PreferenceManager)
com.haibison.android.lockpattern.util.Settings$Display:
    public static final java.lang.String METADATA_STEALTH_MODE
    public static final java.lang.String METADATA_MIN_WIRED_DOTS
    public static final java.lang.String METADATA_MAX_RETRIES
    public static final java.lang.String METADATA_CAPTCHA_WIRED_DOTS
    139:140:private Settings$Display()
    170:175:public static void setStealthMode(android.content.Context,boolean)
    224:230:public static void setMinWiredDots(android.content.Context,int)
    279:285:public static void setMaxRetries(android.content.Context,int)
    333:339:public static void setCaptchaWiredDots(android.content.Context,int)
com.haibison.android.lockpattern.util.Settings$Security:
    public static final java.lang.String METADATA_ENCRYPTER_CLASS
    public static final java.lang.String METADATA_AUTO_SAVE_PATTERN
    369:370:private Settings$Security()
    400:407:public static void setAutoSavePattern(android.content.Context,boolean)
    468:470:public static void setEncrypterClass(android.content.Context,java.lang.Class)
    485:490:public static void setEncrypterClass(android.content.Context,char[])
com.haibison.android.lockpattern.util.SimpleWeakEncryption
com.haibison.android.lockpattern.util.SimpleWeakEncryption$Base36
com.haibison.android.lockpattern.util.Sys
com.haibison.android.lockpattern.util.UI:
    146:147:public static void adjustDialogSizeForLargeScreens(android.app.Dialog)
com.haibison.android.lockpattern.widget.LockPatternUtils:
    public static final java.lang.String UTF8
    public static final java.lang.String SHA1
com.haibison.android.lockpattern.widget.LockPatternView:
    private static final int ASPECT_SQUARE
    private static final int ASPECT_LOCK_WIDTH
    private static final int ASPECT_LOCK_HEIGHT
    private static final boolean PROFILE_DRAWING
    private static final int MILLIS_PER_CIRCLE_ANIMATING
    private static final float DRAG_THRESHHOLD
    446:446:public boolean isInStealthMode()
    453:453:public boolean isTactileFeedbackEnabled()
    618:619:public void disableInput()
    625:626:public void enableInput()
com.haibison.android.lockpattern.widget.LockPatternView$Cell:
    221:221:public int getId()
com.haibison.android.lockpattern.widget.ViewCompat_v16:
    32:33:private ViewCompat_v16()